<?xml version="1.0" encoding="UTF-8"?>
<testng-results ignored="0" total="1" passed="1" failed="0" skipped="0">
  <reporter-output>
  </reporter-output>
  <suite started-at="2024-06-18T11:59:18 IST" name="RegressionTest" finished-at="2024-06-18T11:59:24 IST" duration-ms="6847">
    <groups>
    </groups>
    <test started-at="2024-06-18T11:59:18 IST" name="TestOne" finished-at="2024-06-18T11:59:24 IST" duration-ms="6847">
      <class name="tests.HomeTest">
        <test-method is-config="true" signature="browserlaunch()[pri:0, instance:tests.HomeTest@e6516e]" started-at="2024-06-18T11:59:18 IST" name="browserlaunch" finished-at="2024-06-18T11:59:24 IST" duration-ms="6232" status="PASS">
          <reporter-output>
          </reporter-output>
        </test-method> <!-- browserlaunch -->
        <test-method signature="VerifyAddItemtoCart()[pri:1, instance:tests.HomeTest@e6516e]" started-at="2024-06-18T11:59:24 IST" name="VerifyAddItemtoCart" finished-at="2024-06-18T11:59:24 IST" duration-ms="321" status="PASS">
          <reporter-output>
          </reporter-output>
        </test-method> <!-- VerifyAddItemtoCart -->
        <test-method is-config="true" signature="closeBrowser()[pri:0, instance:tests.HomeTest@e6516e]" started-at="2024-06-18T11:59:24 IST" name="closeBrowser" finished-at="2024-06-18T11:59:24 IST" duration-ms="250" status="PASS">
          <reporter-output>
          </reporter-output>
        </test-method> <!-- closeBrowser -->
      </class> <!-- tests.HomeTest -->
    </test> <!-- TestOne -->
  </suite> <!-- RegressionTest -->
</testng-results>
